0 info it worked if it ends with ok
1 verbose cli [ 'D:\\Program Files\\nodejs\\node.exe',
1 verbose cli   'D:\\Program Files\\nodejs\\node_modules\\npm\\bin\\npm-cli.js',
1 verbose cli   'run',
1 verbose cli   'test' ]
2 info using npm@3.10.10
3 info using node@v6.11.5
4 verbose run-script [ 'pretest', 'test', 'posttest' ]
5 info lifecycle rock-paper-scissors-99@1.0.0~pretest: rock-paper-scissors-99@1.0.0
6 silly lifecycle rock-paper-scissors-99@1.0.0~pretest: no script for pretest, continuing
7 info lifecycle rock-paper-scissors-99@1.0.0~test: rock-paper-scissors-99@1.0.0
8 verbose lifecycle rock-paper-scissors-99@1.0.0~test: unsafe-perm in lifecycle true
9 verbose lifecycle rock-paper-scissors-99@1.0.0~test: PATH: D:\Program Files\nodejs\node_modules\npm\bin\node-gyp-bin;D:\simpl\Documents\Projects\project-1-rock-paper-scissors-x99\node_modules\.bin;C:\Users\simpl\bin;D:\Program Files\Git\mingw64\bin;D:\Program Files\Git\usr\local\bin;D:\Program Files\Git\usr\bin;D:\Program Files\Git\usr\bin;D:\Program Files\Git\mingw64\bin;D:\Program Files\Git\usr\bin;C:\Users\simpl\bin;C:\Program Files (x86)\Intel\iCLS Client;C:\Program Files\Intel\iCLS Client;C:\WINDOWS\system32;C:\WINDOWS;C:\WINDOWS\System32\Wbem;C:\WINDOWS\System32\WindowsPowerShell\v1.0;C:\Program Files (x86)\NVIDIA Corporation\PhysX\Common;C:\Program Files (x86)\Intel\Intel(R) Management Engine Components\DAL;C:\Program Files\Intel\Intel(R) Management Engine Components\DAL;C:\Program Files (x86)\Intel\Intel(R) Management Engine Components\IPT;C:\Program Files\Intel\Intel(R) Management Engine Components\IPT;D:\Program Files\Git\cmd;D:\Program Files\nodejs;%SystemRoot%\system32;%SystemRoot%;%SystemRoot%\System32\Wbem;%SYSTEMROOT%\System32\WindowsPowerShell\v1.0;C:\Users\simpl\AppData\Local\Microsoft\WindowsApps;C:\Users\simpl\AppData\Local\atom\bin;C:\Users\simpl\AppData\Roaming\npm;%USERPROFILE%\AppData\Local\Microsoft\WindowsApps;D:\Program Files\Git\usr\bin\vendor_perl;D:\Program Files\Git\usr\bin\core_perl
10 verbose lifecycle rock-paper-scissors-99@1.0.0~test: CWD: D:\simpl\Documents\Projects\project-1-rock-paper-scissors-x99
11 silly lifecycle rock-paper-scissors-99@1.0.0~test: Args: [ '/d /s /c', 'mocha' ]
12 silly lifecycle rock-paper-scissors-99@1.0.0~test: Returned: code: 4  signal: null
13 info lifecycle rock-paper-scissors-99@1.0.0~test: Failed to exec test script
14 verbose stack Error: rock-paper-scissors-99@1.0.0 test: `mocha`
14 verbose stack Exit status 4
14 verbose stack     at EventEmitter.<anonymous> (D:\Program Files\nodejs\node_modules\npm\lib\utils\lifecycle.js:255:16)
14 verbose stack     at emitTwo (events.js:106:13)
14 verbose stack     at EventEmitter.emit (events.js:191:7)
14 verbose stack     at ChildProcess.<anonymous> (D:\Program Files\nodejs\node_modules\npm\lib\utils\spawn.js:40:14)
14 verbose stack     at emitTwo (events.js:106:13)
14 verbose stack     at ChildProcess.emit (events.js:191:7)
14 verbose stack     at maybeClose (internal/child_process.js:920:16)
14 verbose stack     at Process.ChildProcess._handle.onexit (internal/child_process.js:230:5)
15 verbose pkgid rock-paper-scissors-99@1.0.0
16 verbose cwd D:\simpl\Documents\Projects\project-1-rock-paper-scissors-x99
17 error Windows_NT 10.0.16299
18 error argv "D:\\Program Files\\nodejs\\node.exe" "D:\\Program Files\\nodejs\\node_modules\\npm\\bin\\npm-cli.js" "run" "test"
19 error node v6.11.5
20 error npm  v3.10.10
21 error code ELIFECYCLE
22 error rock-paper-scissors-99@1.0.0 test: `mocha`
22 error Exit status 4
23 error Failed at the rock-paper-scissors-99@1.0.0 test script 'mocha'.
23 error Make sure you have the latest version of node.js and npm installed.
23 error If you do, this is most likely a problem with the rock-paper-scissors-99 package,
23 error not with npm itself.
23 error Tell the author that this fails on your system:
23 error     mocha
23 error You can get information on how to open an issue for this project with:
23 error     npm bugs rock-paper-scissors-99
23 error Or if that isn't available, you can get their info via:
23 error     npm owner ls rock-paper-scissors-99
23 error There is likely additional logging output above.
24 verbose exit [ 1, true ]
